Exporter version: 3.3.2, Blender version: 4.4.3
========= Conversion from Blender to Babylon.js =========
	Scene settings used :
		Inline textures     :  false
		Material Type       :  PBR
		Positions Precision :  4
		Normals Precision   :  3
		UVs Precision       :  3
		Vert Color Precision:  3
		Mat Weight Precision:  2
		Keep Z-up r-handed  :  no
		Texture directory   :  C:\Users\pc1\바탕 화면\Study\강의자료\3-1\과제물\As_컴퓨터그래픽스\Assignment\DorkShiba.github.io\FreeFall\
	Python World class constructor completed
	processing begun of mesh:  Sphere
		processing begun of material:  BallMaterial
		num positions      :  2611
		num normals        :  2611
		num tangents       :  0
		num uvs            :  5222
		num uvs2           :  0
		num colors         :  0
		num triangles      :  960
========= Writing of JSON file started =========
	writing mesh:  Sphere
========= Writing of JSON file completed =========
========= end of processing =========
elapsed time:  0 min, 0.0744 secs
